/Users/williamr/Repository/code-prettify: make
Compiling
    1570 src/prettify.css
     675 distrib/google-code-prettify/prettify.css
   63366 src/prettify.js
   14593 distrib/google-code-prettify/prettify.js
   79733 src/run_prettify.js
   16756 distrib/google-code-prettify/run_prettify.js
    2618 src/lang-apollo.js
     988 distrib/google-code-prettify/lang-apollo.js
    1388 src/lang-basic.js
     516 distrib/google-code-prettify/lang-basic.js
    2808 src/lang-clj.js
    1446 distrib/google-code-prettify/lang-clj.js
    6183 src/lang-css.js
     868 distrib/google-code-prettify/lang-css.js
    2969 src/lang-dart.js
     947 distrib/google-code-prettify/lang-dart.js
    3501 src/lang-erlang.js
     583 distrib/google-code-prettify/lang-erlang.js
    2348 src/lang-go.js
     283 distrib/google-code-prettify/lang-go.js
    4649 src/lang-hs.js
     579 distrib/google-code-prettify/lang-hs.js
    3630 src/lang-lisp.js
     774 distrib/google-code-prettify/lang-lisp.js
    2275 src/lang-llvm.js
     358 distrib/google-code-prettify/lang-llvm.js
    2144 src/lang-logtalk.js
     800 distrib/google-code-prettify/lang-logtalk.js
    2443 src/lang-lua.js
     553 distrib/google-code-prettify/lang-lua.js
   25651 src/lang-matlab.js
   19700 distrib/google-code-prettify/lang-matlab.js
    2976 src/lang-ml.js
    1106 distrib/google-code-prettify/lang-ml.js
    5317 src/lang-mumps.js
     887 distrib/google-code-prettify/lang-mumps.js
    3109 src/lang-n.js
    1402 distrib/google-code-prettify/lang-n.js
    1578 src/lang-pascal.js
     713 distrib/google-code-prettify/lang-pascal.js
    8712 src/lang-plsql.js
    5283 distrib/google-code-prettify/lang-plsql.js
    1294 src/lang-proto.js
     302 distrib/google-code-prettify/lang-proto.js
    2391 src/lang-r.js
     696 distrib/google-code-prettify/lang-r.js
    1758 src/lang-rd.js
     268 distrib/google-code-prettify/lang-rd.js
src/lang-rust.js:36: WARNING - Malformed Regular Expression: \x))*?"
		[PR['PR_STRING'], /^b"(?:[^\\]|\\(?:.|x\x\x))*?"/],  // Bytes literal
		                  ^

src/lang-rust.js:37: WARNING - Malformed Regular Expression: \x|u\{\x{1,6}\}))*?"
		[PR['PR_STRING'], /^"(?:[^\\]|\\(?:.|x\x\x|u\{\x{1,6}\}))*?"/],  // String literal
		                  ^

src/lang-rust.js:39: WARNING - Malformed Regular Expression: \x))'
		[PR['PR_STRING'], /^b'([^\\]|\\(.|x\x\x))'/],  // Byte literal
		                  ^

src/lang-rust.js:40: WARNING - Malformed Regular Expression: \x|u\{\x{1,6}\}))'
		[PR['PR_STRING'], /^'([^\\]|\\(.|x\x\x|u\{\x{1,6}\}))'/],  // Character literal
		                  ^

0 error(s), 4 warning(s), 79.5% typed
    3672 src/lang-rust.js
    1576 distrib/google-code-prettify/lang-rust.js
    2564 src/lang-scala.js
     916 distrib/google-code-prettify/lang-scala.js
    3527 src/lang-sql.js
    1782 distrib/google-code-prettify/lang-sql.js
    3392 src/lang-swift.js
    1188 distrib/google-code-prettify/lang-swift.js
    2610 src/lang-tcl.js
     635 distrib/google-code-prettify/lang-tcl.js
    1891 src/lang-tex.js
     286 distrib/google-code-prettify/lang-tex.js
    3922 src/lang-vb.js
    1791 distrib/google-code-prettify/lang-vb.js
    2230 src/lang-vhdl.js
    1450 distrib/google-code-prettify/lang-vhdl.js
    1911 src/lang-wiki.js
     544 distrib/google-code-prettify/lang-wiki.js
   25439 src/lang-xq.js
   23242 distrib/google-code-prettify/lang-xq.js
     842 src/lang-yaml.js
     415 distrib/google-code-prettify/lang-yaml.js
tar cf distrib/prettify-small.tar -C distrib google-code-prettify
   35940 distrib/prettify-small.tar.bz2
   36555 distrib/prettify-small.tgz
   52699 distrib/prettify-small.zip
    1752 styles/clearlight.css
     894 loader/skins/clearlight.css
    1645 styles/desert.css
     940 loader/skins/desert.css
    2726 styles/doxy.css
    1604 loader/skins/doxy.css
    1519 styles/sons-of-obsidian.css
     698 loader/skins/sons-of-obsidian.css
    1945 styles/sunburst.css
    1147 loader/skins/sunburst.css
tools/lang-handler-aliases.sh \
            distrib/google-code-prettify \
	  | perl -ne 'system("cp $1 $2") if m/^(\S+) (\S+)$/ && ! -e $2' \
	  && touch lang-aliases.tstamp
cp: to: No such file or directory
